<?xml version="1.0" encoding="UTF-8" ?>
<testsuite tests="6" failures="0" name="TestRunner" time="0" errors="2" skipped="4">
  <properties>
[...]
</properties>
  <testcase classname="Scenario: Try to login to https://app.plus500.com/ webpage" name="Given I am in https://app.plus500.com/ webpage" time="0">
    <error message="com.google.gson.GsonBuilder.setLenient()Lcom/google/gson/GsonBuilder;" type="java.lang.NoSuchMethodError">java.lang.NoSuchMethodError: com.google.gson.GsonBuilder.setLenient()Lcom/google/gson/GsonBuilder;
	at org.openqa.selenium.json.Json.&lt;clinit&gt;(Json.java:47)
	at org.openqa.selenium.logging.profiler.HttpProfilerLogEntry.constructMessage(HttpProfilerLogEntry.java:37)
	at org.openqa.selenium.logging.profiler.HttpProfilerLogEntry.&lt;init&gt;(HttpProfilerLogEntry.java:29)
	at org.openqa.selenium.remote.HttpCommandExecutor.execute(HttpCommandExecutor.java:135)
	at org.openqa.selenium.remote.service.DriverCommandExecutor.execute(DriverCommandExecutor.java:83)
	at org.openqa.selenium.remote.RemoteWebDriver.execute(RemoteWebDriver.java:545)
	at org.openqa.selenium.remote.RemoteWebDriver.startSession(RemoteWebDriver.java:209)
	at org.openqa.selenium.remote.RemoteWebDriver.&lt;init&gt;(RemoteWebDriver.java:132)
	at org.openqa.selenium.firefox.FirefoxDriver.&lt;init&gt;(FirefoxDriver.java:120)
	at org.openqa.selenium.firefox.FirefoxDriver.&lt;init&gt;(FirefoxDriver.java:98)
	at stepdefs.LoginStepDefinitions.i_am_in_https_app_plus_com_webpage(LoginStepDefinitions.java:22)
	at ✽.Given I am in https://app.plus500.com/ webpage(Login.feature:4)
</error>
    <system-err>1525039789890	geckodriver	INFO	geckodriver 0.20.1
1525039789906	geckodriver	INFO	Listening on 127.0.0.1:23302
</system-err>
  </testcase>
  <testcase classname="Scenario: Try to login to https://app.plus500.com/ webpage" name="Scenario: Try to login to https://app.plus500.com/ webpage" time="0">
    <error message="com.google.gson.GsonBuilder.setLenient()Lcom/google/gson/GsonBuilder;" type="java.lang.NoSuchMethodError">java.lang.NoSuchMethodError: com.google.gson.GsonBuilder.setLenient()Lcom/google/gson/GsonBuilder;
	at org.openqa.selenium.json.Json.&lt;clinit&gt;(Json.java:47)
	at org.openqa.selenium.logging.profiler.HttpProfilerLogEntry.constructMessage(HttpProfilerLogEntry.java:37)
	at org.openqa.selenium.logging.profiler.HttpProfilerLogEntry.&lt;init&gt;(HttpProfilerLogEntry.java:29)
	at org.openqa.selenium.remote.HttpCommandExecutor.execute(HttpCommandExecutor.java:135)
	at org.openqa.selenium.remote.service.DriverCommandExecutor.execute(DriverCommandExecutor.java:83)
	at org.openqa.selenium.remote.RemoteWebDriver.execute(RemoteWebDriver.java:545)
	at org.openqa.selenium.remote.RemoteWebDriver.startSession(RemoteWebDriver.java:209)
	at org.openqa.selenium.remote.RemoteWebDriver.&lt;init&gt;(RemoteWebDriver.java:132)
	at org.openqa.selenium.firefox.FirefoxDriver.&lt;init&gt;(FirefoxDriver.java:120)
	at org.openqa.selenium.firefox.FirefoxDriver.&lt;init&gt;(FirefoxDriver.java:98)
	at stepdefs.LoginStepDefinitions.i_am_in_https_app_plus_com_webpage(LoginStepDefinitions.java:22)
	at ✽.Given I am in https://app.plus500.com/ webpage(Login.feature:4)
</error>
  </testcase>
  <testcase classname="Scenario: Try to login to https://app.plus500.com/ webpage" name="When I press demo mode" time="0">
    <skipped/>
  </testcase>
  <testcase classname="Scenario: Try to login to https://app.plus500.com/ webpage" name="And I enter email aurimasjank@gmail.com and password cucumbertest" time="0">
    <skipped/>
  </testcase>
  <testcase classname="Scenario: Try to login to https://app.plus500.com/ webpage" name="And I press login button" time="0">
    <skipped/>
  </testcase>
  <testcase classname="Scenario: Try to login to https://app.plus500.com/ webpage" name="Then I see trade page" time="0">
    <skipped/>
  </testcase>
</testsuite>